<?xml version="1.0" encoding="UTF-8"?>
<testng-results skipped="0" failed="0" ignored="0" total="1" passed="1">
  <reporter-output>
  </reporter-output>
  <suite name="Default suite" duration-ms="6788" started-at="2020-09-07T10:51:41Z" finished-at="2020-09-07T10:51:48Z">
    <groups>
    </groups>
    <test name="Default test" duration-ms="6788" started-at="2020-09-07T10:51:41Z" finished-at="2020-09-07T10:51:48Z">
      <class name="PomPage.VerfiyLoginPage">
        <test-method status="PASS" signature="verify()[pri:0, instance:PomPage.VerfiyLoginPage@735b5592]" name="verify" duration-ms="6769" started-at="2020-09-07T10:51:41Z" finished-at="2020-09-07T10:51:48Z">
          <reporter-output>
          </reporter-output>
        </test-method> <!-- verify -->
      </class> <!-- PomPage.VerfiyLoginPage -->
    </test> <!-- Default test -->
  </suite> <!-- Default suite -->
</testng-results>
